生成启动时间为 12/10/2019 8:15:27 PM。
     1>项目“C:\Users\cgccomeau\Documents\Visual Studio 2012\C++ Projects\HW\HW8.4\HW8.4\HW8.4.vcxproj”在节点 2 上(Build 个目标)。
     1>ClCompile:
         C:\Program Files (x86)\Microsoft Visual Studio 11.0\VC\bin\CL.exe /c /ZI /nologo /W3 /WX- /Od /Oy- /D _MBCS /Gm /EHsc /RTC1 /MDd /GS /fp:precise /Zc:wchar_t /Zc:forScope /Fo"Debug\\" /Fd"Debug\vc110.pdb" /Gd /TP /analyze- /errorReport:prompt "源.cpp"
         源.cpp
     1>c:\users\cgccomeau\documents\visual studio 2012\c++ projects\hw\hw8.4\hw8.4\源.cpp(71): warning C4566: 由通用字符名称“\u5F20”表示的字符不能在当前代码页(1252)中表示出来
     1>c:\users\cgccomeau\documents\visual studio 2012\c++ projects\hw\hw8.4\hw8.4\源.cpp(71): warning C4566: 由通用字符名称“\u4E09”表示的字符不能在当前代码页(1252)中表示出来
     1>c:\users\cgccomeau\documents\visual studio 2012\c++ projects\hw\hw8.4\hw8.4\源.cpp(71): warning C4566: 由通用字符名称“\u8BED”表示的字符不能在当前代码页(1252)中表示出来
     1>c:\users\cgccomeau\documents\visual studio 2012\c++ projects\hw\hw8.4\hw8.4\源.cpp(71): warning C4566: 由通用字符名称“\u8A00”表示的字符不能在当前代码页(1252)中表示出来
     1>c:\users\cgccomeau\documents\visual studio 2012\c++ projects\hw\hw8.4\hw8.4\源.cpp(71): warning C4566: 由通用字符名称“\u7A0B”表示的字符不能在当前代码页(1252)中表示出来
     1>c:\users\cgccomeau\documents\visual studio 2012\c++ projects\hw\hw8.4\hw8.4\源.cpp(71): warning C4566: 由通用字符名称“\u5E8F”表示的字符不能在当前代码页(1252)中表示出来
     1>c:\users\cgccomeau\documents\visual studio 2012\c++ projects\hw\hw8.4\hw8.4\源.cpp(71): warning C4566: 由通用字符名称“\u8BBE”表示的字符不能在当前代码页(1252)中表示出来
     1>c:\users\cgccomeau\documents\visual studio 2012\c++ projects\hw\hw8.4\hw8.4\源.cpp(71): warning C4566: 由通用字符名称“\u8BA1”表示的字符不能在当前代码页(1252)中表示出来
     1>c:\users\cgccomeau\documents\visual studio 2012\c++ projects\hw\hw8.4\hw8.4\源.cpp(71): warning C4566: 由通用字符名称“\u6E05”表示的字符不能在当前代码页(1252)中表示出来
     1>c:\users\cgccomeau\documents\visual studio 2012\c++ projects\hw\hw8.4\hw8.4\源.cpp(71): warning C4566: 由通用字符名称“\u534E”表示的字符不能在当前代码页(1252)中表示出来
     1>c:\users\cgccomeau\documents\visual studio 2012\c++ projects\hw\hw8.4\hw8.4\源.cpp(71): warning C4566: 由通用字符名称“\u5927”表示的字符不能在当前代码页(1252)中表示出来
     1>c:\users\cgccomeau\documents\visual studio 2012\c++ projects\hw\hw8.4\hw8.4\源.cpp(71): warning C4566: 由通用字符名称“\u5B66”表示的字符不能在当前代码页(1252)中表示出来
     1>c:\users\cgccomeau\documents\visual studio 2012\c++ projects\hw\hw8.4\hw8.4\源.cpp(71): warning C4566: 由通用字符名称“\u51FA”表示的字符不能在当前代码页(1252)中表示出来
     1>c:\users\cgccomeau\documents\visual studio 2012\c++ projects\hw\hw8.4\hw8.4\源.cpp(71): warning C4566: 由通用字符名称“\u7248”表示的字符不能在当前代码页(1252)中表示出来
     1>c:\users\cgccomeau\documents\visual studio 2012\c++ projects\hw\hw8.4\hw8.4\源.cpp(71): warning C4566: 由通用字符名称“\u793E”表示的字符不能在当前代码页(1252)中表示出来
     1>c:\users\cgccomeau\documents\visual studio 2012\c++ projects\hw\hw8.4\hw8.4\源.cpp(72): warning C4566: 由通用字符名称“\u8FA8”表示的字符不能在当前代码页(1252)中表示出来
     1>c:\users\cgccomeau\documents\visual studio 2012\c++ projects\hw\hw8.4\hw8.4\源.cpp(72): warning C4566: 由通用字符名称“\u6790”表示的字符不能在当前代码页(1252)中表示出来
     1>c:\users\cgccomeau\documents\visual studio 2012\c++ projects\hw\hw8.4\hw8.4\源.cpp(72): warning C4566: 由通用字符名称“\u7F16”表示的字符不能在当前代码页(1252)中表示出来
     1>c:\users\cgccomeau\documents\visual studio 2012\c++ projects\hw\hw8.4\hw8.4\源.cpp(72): warning C4566: 由通用字符名称“\u7A0B”表示的字符不能在当前代码页(1252)中表示出来
     1>c:\users\cgccomeau\documents\visual studio 2012\c++ projects\hw\hw8.4\hw8.4\源.cpp(72): warning C4566: 由通用字符名称“\u6A21”表示的字符不能在当前代码页(1252)中表示出来
     1>c:\users\cgccomeau\documents\visual studio 2012\c++ projects\hw\hw8.4\hw8.4\源.cpp(72): warning C4566: 由通用字符名称“\u5F0F”表示的字符不能在当前代码页(1252)中表示出来
     1>c:\users\cgccomeau\documents\visual studio 2012\c++ projects\hw\hw8.4\hw8.4\源.cpp(73): warning C4566: 由通用字符名称“\u6E90”表示的字符不能在当前代码页(1252)中表示出来
     1>c:\users\cgccomeau\documents\visual studio 2012\c++ projects\hw\hw8.4\hw8.4\源.cpp(73): warning C4566: 由通用字符名称“\u4EE3”表示的字符不能在当前代码页(1252)中表示出来
     1>c:\users\cgccomeau\documents\visual studio 2012\c++ projects\hw\hw8.4\hw8.4\源.cpp(73): warning C4566: 由通用字符名称“\u7801”表示的字符不能在当前代码页(1252)中表示出来
     1>c:\users\cgccomeau\documents\visual studio 2012\c++ projects\hw\hw8.4\hw8.4\源.cpp(73): warning C4566: 由通用字符名称“\u6E05”表示的字符不能在当前代码页(1252)中表示出来
     1>c:\users\cgccomeau\documents\visual studio 2012\c++ projects\hw\hw8.4\hw8.4\源.cpp(73): warning C4566: 由通用字符名称“\u534E”表示的字符不能在当前代码页(1252)中表示出来
     1>c:\users\cgccomeau\documents\visual studio 2012\c++ projects\hw\hw8.4\hw8.4\源.cpp(73): warning C4566: 由通用字符名称“\u5927”表示的字符不能在当前代码页(1252)中表示出来
     1>c:\users\cgccomeau\documents\visual studio 2012\c++ projects\hw\hw8.4\hw8.4\源.cpp(73): warning C4566: 由通用字符名称“\u5B66”表示的字符不能在当前代码页(1252)中表示出来
     1>c:\users\cgccomeau\documents\visual studio 2012\c++ projects\hw\hw8.4\hw8.4\源.cpp(73): warning C4566: 由通用字符名称“\u8BA1”表示的字符不能在当前代码页(1252)中表示出来
     1>c:\users\cgccomeau\documents\visual studio 2012\c++ projects\hw\hw8.4\hw8.4\源.cpp(73): warning C4566: 由通用字符名称“\u7B97”表示的字符不能在当前代码页(1252)中表示出来
     1>c:\users\cgccomeau\documents\visual studio 2012\c++ projects\hw\hw8.4\hw8.4\源.cpp(73): warning C4566: 由通用字符名称“\u4E2D”表示的字符不能在当前代码页(1252)中表示出来
     1>c:\users\cgccomeau\documents\visual studio 2012\c++ projects\hw\hw8.4\hw8.4\源.cpp(73): warning C4566: 由通用字符名称“\u5FC3”表示的字符不能在当前代码页(1252)中表示出来
       Link:
         C:\Program Files (x86)\Microsoft Visual Studio 11.0\VC\bin\link.exe /ERRORREPORT:PROMPT /OUT:"C:\Users\cgccomeau\Documents\Visual Studio 2012\C++ Projects\HW\HW8.4\Debug\HW8.4.exe" /INCREMENTAL /NOLOGO kernel32.lib user32.lib gdi32.lib winspool.lib comdlg32.lib advapi32.lib shell32.lib ole32.lib oleaut32.lib uuid.lib odbc32.lib odbccp32.lib /MANIFEST /MANIFESTUAC:"level='asInvoker' uiAccess='false'" /manifest:embed /DEBUG /PDB:"C:\Users\cgccomeau\Documents\Visual Studio 2012\C++ Projects\HW\HW8.4\Debug\HW8.4.pdb" /TLBID:1 /DYNAMICBASE /NXCOMPAT /IMPLIB:"C:\Users\cgccomeau\Documents\Visual Studio 2012\C++ Projects\HW\HW8.4\Debug\HW8.4.lib" /MACHINE:X86 "Debug\源.obj"
         HW8.4.vcxproj -> C:\Users\cgccomeau\Documents\Visual Studio 2012\C++ Projects\HW\HW8.4\Debug\HW8.4.exe
     1>已完成生成项目“C:\Users\cgccomeau\Documents\Visual Studio 2012\C++ Projects\HW\HW8.4\HW8.4\HW8.4.vcxproj”(Build 个目标)的操作。

生成成功。

已用时间 00:00:01.39
