C:\USERS\CGCCOMEAU\DOCUMENTS\VISUAL STUDIO 2012\PROJECTS\LAB2.3\LAB2.3\DEBUG\源.OBJ
C:\USERS\CGCCOMEAU\DOCUMENTS\VISUAL STUDIO 2012\PROJECTS\LAB2.3\LAB2.3\DEBUG\VC110.PDB
C:\USERS\CGCCOMEAU\DOCUMENTS\VISUAL STUDIO 2012\PROJECTS\LAB2.3\LAB2.3\DEBUG\源1.OBJ
C:\USERS\CGCCOMEAU\DOCUMENTS\VISUAL STUDIO 2012\PROJECTS\LAB2.3\DEBUG\LAB2.3.ILK
C:\USERS\CGCCOMEAU\DOCUMENTS\VISUAL STUDIO 2012\PROJECTS\LAB2.3\DEBUG\LAB2.3.EXE
C:\USERS\CGCCOMEAU\DOCUMENTS\VISUAL STUDIO 2012\PROJECTS\LAB2.3\DEBUG\LAB2.3.PDB
C:\Users\cgccomeau\Documents\Visual Studio 2012\Projects\Lab2.3\Lab2.3\Debug\源.obj
C:\Users\cgccomeau\Documents\Visual Studio 2012\Projects\Lab2.3\Lab2.3\Debug\源1.obj
C:\Users\cgccomeau\Documents\Visual Studio 2012\Projects\Lab2.3\Lab2.3\Debug\cl.command.1.tlog
C:\Users\cgccomeau\Documents\Visual Studio 2012\Projects\Lab2.3\Lab2.3\Debug\CL.read.1.tlog
C:\Users\cgccomeau\Documents\Visual Studio 2012\Projects\Lab2.3\Lab2.3\Debug\CL.write.1.tlog
C:\Users\cgccomeau\Documents\Visual Studio 2012\Projects\Lab2.3\Lab2.3\Debug\link-cvtres.read.1.tlog
C:\Users\cgccomeau\Documents\Visual Studio 2012\Projects\Lab2.3\Lab2.3\Debug\link-cvtres.write.1.tlog
C:\Users\cgccomeau\Documents\Visual Studio 2012\Projects\Lab2.3\Lab2.3\Debug\link-rc.read.1.tlog
C:\Users\cgccomeau\Documents\Visual Studio 2012\Projects\Lab2.3\Lab2.3\Debug\link-rc.write.1.tlog
C:\Users\cgccomeau\Documents\Visual Studio 2012\Projects\Lab2.3\Lab2.3\Debug\link.48028-cvtres.read.1.tlog
C:\Users\cgccomeau\Documents\Visual Studio 2012\Projects\Lab2.3\Lab2.3\Debug\link.48028-cvtres.write.1.tlog
C:\Users\cgccomeau\Documents\Visual Studio 2012\Projects\Lab2.3\Lab2.3\Debug\link.48028-rc.read.1.tlog
C:\Users\cgccomeau\Documents\Visual Studio 2012\Projects\Lab2.3\Lab2.3\Debug\link.48028-rc.write.1.tlog
C:\Users\cgccomeau\Documents\Visual Studio 2012\Projects\Lab2.3\Lab2.3\Debug\link.48028.read.1.tlog
C:\Users\cgccomeau\Documents\Visual Studio 2012\Projects\Lab2.3\Lab2.3\Debug\link.48028.write.1.tlog
C:\Users\cgccomeau\Documents\Visual Studio 2012\Projects\Lab2.3\Lab2.3\Debug\link.command.1.tlog
C:\Users\cgccomeau\Documents\Visual Studio 2012\Projects\Lab2.3\Lab2.3\Debug\link.read.1.tlog
C:\Users\cgccomeau\Documents\Visual Studio 2012\Projects\Lab2.3\Lab2.3\Debug\link.write.1.tlog
C:\Users\cgccomeau\Documents\Visual Studio 2012\Projects\Lab2.3\Lab2.3\Debug\vc110.idb
C:\Users\cgccomeau\Documents\Visual Studio 2012\Projects\Lab2.3\Lab2.3\Debug\vc110.pdb
C:\Users\cgccomeau\Documents\Visual Studio 2012\Projects\Lab2.3\Debug\Lab2.3.pdb
C:\Users\cgccomeau\Documents\Visual Studio 2012\Projects\Lab2.3\Debug\Lab2.3.exe
C:\Users\cgccomeau\Documents\Visual Studio 2012\Projects\Lab2.3\Debug\Lab2.3.ilk
